c:\users\tanner\documents\github\multiplayer-chess\multiplayer chess\multiplayer chess\release\vc142.pdb
c:\users\tanner\documents\github\multiplayer-chess\multiplayer chess\multiplayer chess\release\rook.obj
c:\users\tanner\documents\github\multiplayer-chess\multiplayer chess\multiplayer chess\release\queen.obj
c:\users\tanner\documents\github\multiplayer-chess\multiplayer chess\multiplayer chess\release\pawn.obj
c:\users\tanner\documents\github\multiplayer-chess\multiplayer chess\multiplayer chess\release\main.obj
c:\users\tanner\documents\github\multiplayer-chess\multiplayer chess\multiplayer chess\release\knight.obj
c:\users\tanner\documents\github\multiplayer-chess\multiplayer chess\multiplayer chess\release\king.obj
c:\users\tanner\documents\github\multiplayer-chess\multiplayer chess\multiplayer chess\release\ipiece.obj
c:\users\tanner\documents\github\multiplayer-chess\multiplayer chess\multiplayer chess\release\bishop.obj
c:\users\tanner\documents\github\multiplayer-chess\multiplayer chess\multiplayer chess\release\socket.obj
c:\users\tanner\documents\github\multiplayer-chess\multiplayer chess\multiplayer chess\release\server.obj
c:\users\tanner\documents\github\multiplayer-chess\multiplayer chess\multiplayer chess\release\client.obj
c:\users\tanner\documents\github\multiplayer-chess\multiplayer chess\multiplayer chess\release\chessrenderer.obj
c:\users\tanner\documents\github\multiplayer-chess\multiplayer chess\multiplayer chess\release\chess.obj
c:\users\tanner\documents\github\multiplayer-chess\multiplayer chess\multiplayer chess\release\board.obj
c:\users\tanner\documents\github\multiplayer-chess\multiplayer chess\release\multiplayer chess.exe
c:\users\tanner\documents\github\multiplayer-chess\multiplayer chess\release\multiplayer chess.pdb
c:\users\tanner\documents\github\multiplayer-chess\multiplayer chess\release\multiplayer chess.ipdb
c:\users\tanner\documents\github\multiplayer-chess\multiplayer chess\release\multiplayer chess.iobj
c:\users\tanner\documents\github\multiplayer-chess\multiplayer chess\multiplayer chess\release\multipla.54326111.tlog\cl.command.1.tlog
c:\users\tanner\documents\github\multiplayer-chess\multiplayer chess\multiplayer chess\release\multipla.54326111.tlog\cl.read.1.tlog
c:\users\tanner\documents\github\multiplayer-chess\multiplayer chess\multiplayer chess\release\multipla.54326111.tlog\cl.write.1.tlog
c:\users\tanner\documents\github\multiplayer-chess\multiplayer chess\multiplayer chess\release\multipla.54326111.tlog\link.command.1.tlog
c:\users\tanner\documents\github\multiplayer-chess\multiplayer chess\multiplayer chess\release\multipla.54326111.tlog\link.read.1.tlog
c:\users\tanner\documents\github\multiplayer-chess\multiplayer chess\multiplayer chess\release\multipla.54326111.tlog\link.write.1.tlog
c:\users\tanner\documents\github\multiplayer-chess\multiplayer chess\multiplayer chess\release\multipla.54326111.tlog\multiplayer chess.write.1u.tlog
