  Board.cpp
  Chess.cpp
C:\Users\Tanner\Documents\Github\Multiplayer-Chess\Multiplayer Chess\Multiplayer Chess\Chess.cpp(40,80): warning C4244: 'argument': conversion from 'int' to 'T', possible loss of data
          with
          [
              T=float
          ]
C:\Users\Tanner\Documents\Github\Multiplayer-Chess\Multiplayer Chess\Multiplayer Chess\Chess.cpp(40,47): warning C4244: 'argument': conversion from 'int' to 'T', possible loss of data
          with
          [
              T=float
          ]
  ChessRenderer.cpp
  Client.cpp
  Bishop.cpp
  IPiece.cpp
  King.cpp
  Knight.cpp
  main.cpp
  Pawn.cpp
  Queen.cpp
  Rook.cpp
  Server.cpp
  Socket.cpp
  Generating code
  Previous IPDB not found, fall back to full compilation.
  All 376 functions were compiled because no usable IPDB/IOBJ from previous compilation was found.
  Finished generating code
  Multiplayer Chess.vcxproj -> C:\Users\Tanner\Documents\Github\Multiplayer-Chess\Multiplayer Chess\Release\Multiplayer Chess.exe
